<?xml version="1.0" encoding="UTF-8"?>
<testsuite name="com.example.demo.domain.ContaTest" tests="8" skipped="0" failures="0" errors="0" timestamp="2022-03-11T16:39:23" hostname="dbs-note-806" time="0.01">
  <properties/>
  <testcase name="Não deve permitir saque, quando ultrapassa o cheque especial de mil reais para conta corrente" classname="com.example.demo.domain.ContaTest" time="0.002"/>
  <testcase name="Deve permitir saque, quando é conta corrente" classname="com.example.demo.domain.ContaTest" time="0.001"/>
  <testcase name="Deve permitir saque para conta poupanca" classname="com.example.demo.domain.ContaTest" time="0.0"/>
  <testcase name="Deve incluir dependente para conta corrente" classname="com.example.demo.domain.ContaTest" time="0.001"/>
  <testcase name="Não deve permitir a inclusão de dependente para conta de investimento" classname="com.example.demo.domain.ContaTest" time="0.001"/>
  <testcase name="Não deve permitir saque, quando saldo fica negativo para conta poupanca" classname="com.example.demo.domain.ContaTest" time="0.0"/>
  <testcase name="Não deve permitir a inclusão de dependente para conta poupança" classname="com.example.demo.domain.ContaTest" time="0.001"/>
  <testcase name="Não deve permitir efetuar o saque, quando é conta investimento" classname="com.example.demo.domain.ContaTest" time="0.001"/>
  <system-out><![CDATA[]]></system-out>
  <system-err><![CDATA[]]></system-err>
</testsuite>
