<?xml version="1.0" encoding="UTF-8"?>
<testsuite name="com.example.demo.application.ContaServiceTest" tests="1" skipped="0" failures="0" errors="0" timestamp="2022-08-02T19:55:28" hostname="jessica-Latitude-3410" time="1.255">
  <properties/>
  <testcase name="Deve abrir conta corrente" classname="com.example.demo.application.ContaServiceTest" time="1.255"/>
  <system-out><![CDATA[]]></system-out>
  <system-err><![CDATA[]]></system-err>
</testsuite>
